<?xml version="1.0" encoding="UTF-8"?>
<testng-results skipped="0" failed="0" ignored="0" total="4" passed="4">
  <reporter-output>
  </reporter-output>
  <suite name="Default suite" duration-ms="173682" started-at="2019-07-04T18:07:19Z" finished-at="2019-07-04T18:10:13Z">
    <groups>
    </groups>
    <test name="Default test" duration-ms="173682" started-at="2019-07-04T18:07:19Z" finished-at="2019-07-04T18:10:13Z">
      <class name="com.training.sanity.tests.UNF_076">
        <test-method status="PASS" signature="setUpBeforeClass()[pri:0, instance:com.training.sanity.tests.UNF_076@ae45eb6]" name="setUpBeforeClass" is-config="true" duration-ms="333" started-at="2019-07-04T23:37:19Z" finished-at="2019-07-04T23:37:19Z">
          <reporter-output>
          </reporter-output>
        </test-method> <!-- setUpBeforeClass -->
        <test-method status="PASS" signature="setUp()[pri:0, instance:com.training.sanity.tests.UNF_076@ae45eb6]" name="setUp" is-config="true" duration-ms="13698" started-at="2019-07-04T23:37:20Z" finished-at="2019-07-04T23:37:34Z">
          <reporter-output>
          </reporter-output>
        </test-method> <!-- setUp -->
        <test-method status="PASS" signature="createCategory(java.lang.String, java.lang.String)[pri:0, instance:com.training.sanity.tests.UNF_076@ae45eb6]" name="createCategory" duration-ms="31610" started-at="2019-07-04T23:37:34Z" data-provider="db-inputs" finished-at="2019-07-04T23:38:05Z">
          <params>
            <param index="0">
              <value>
                <![CDATA[Yellow T shirt]]>
              </value>
            </param>
            <param index="1">
              <value>
                <![CDATA[4]]>
              </value>
            </param>
          </params>
          <reporter-output>
          </reporter-output>
        </test-method> <!-- createCategory -->
        <test-method status="PASS" signature="setUp()[pri:0, instance:com.training.sanity.tests.UNF_076@ae45eb6]" name="setUp" is-config="true" duration-ms="11057" started-at="2019-07-04T23:38:05Z" finished-at="2019-07-04T23:38:16Z">
          <reporter-output>
          </reporter-output>
        </test-method> <!-- setUp -->
        <test-method status="PASS" signature="createCategory(java.lang.String, java.lang.String)[pri:0, instance:com.training.sanity.tests.UNF_076@ae45eb6]" name="createCategory" duration-ms="31229" started-at="2019-07-04T23:38:16Z" data-provider="db-inputs" finished-at="2019-07-04T23:38:48Z">
          <params>
            <param index="0">
              <value>
                <![CDATA[Blazer Girls(III-VI)]]>
              </value>
            </param>
            <param index="1">
              <value>
                <![CDATA[5]]>
              </value>
            </param>
          </params>
          <reporter-output>
          </reporter-output>
        </test-method> <!-- createCategory -->
        <test-method status="PASS" signature="setUp()[pri:0, instance:com.training.sanity.tests.UNF_076@ae45eb6]" name="setUp" is-config="true" duration-ms="11797" started-at="2019-07-04T23:38:48Z" finished-at="2019-07-04T23:38:59Z">
          <reporter-output>
          </reporter-output>
        </test-method> <!-- setUp -->
        <test-method status="PASS" signature="createCategory(java.lang.String, java.lang.String)[pri:0, instance:com.training.sanity.tests.UNF_076@ae45eb6]" name="createCategory" duration-ms="30965" started-at="2019-07-04T23:38:59Z" data-provider="db-inputs" finished-at="2019-07-04T23:39:30Z">
          <params>
            <param index="0">
              <value>
                <![CDATA[white Shirt]]>
              </value>
            </param>
            <param index="1">
              <value>
                <![CDATA[3]]>
              </value>
            </param>
          </params>
          <reporter-output>
          </reporter-output>
        </test-method> <!-- createCategory -->
        <test-method status="PASS" signature="setUp()[pri:0, instance:com.training.sanity.tests.UNF_076@ae45eb6]" name="setUp" is-config="true" duration-ms="11868" started-at="2019-07-04T23:39:30Z" finished-at="2019-07-04T23:39:42Z">
          <reporter-output>
          </reporter-output>
        </test-method> <!-- setUp -->
        <test-method status="PASS" signature="createCategory(java.lang.String, java.lang.String)[pri:0, instance:com.training.sanity.tests.UNF_076@ae45eb6]" name="createCategory" duration-ms="30502" started-at="2019-07-04T23:39:42Z" data-provider="db-inputs" finished-at="2019-07-04T23:40:13Z">
          <params>
            <param index="0">
              <value>
                <![CDATA[Grey Shirt]]>
              </value>
            </param>
            <param index="1">
              <value>
                <![CDATA[2]]>
              </value>
            </param>
          </params>
          <reporter-output>
          </reporter-output>
        </test-method> <!-- createCategory -->
      </class> <!-- com.training.sanity.tests.UNF_076 -->
    </test> <!-- Default test -->
  </suite> <!-- Default suite -->
</testng-results>
