<?xml version="1.0" encoding="UTF-8"?>
<!-- Generated by org.testng.reporters.JUnitXMLReporter -->
<testsuite hostname="sangegs1" ignored="0" name="Default test" tests="4" failures="0" timestamp="04 Jul 2019 18:10:13 GMT" time="173.682" errors="0">
  <testcase name="createCategory" time="31.61" classname="com.training.sanity.tests.UNF_076"/>
  <testcase name="createCategory" time="31.229" classname="com.training.sanity.tests.UNF_076"/>
  <testcase name="createCategory" time="30.965" classname="com.training.sanity.tests.UNF_076"/>
  <testcase name="createCategory" time="30.502" classname="com.training.sanity.tests.UNF_076"/>
</testsuite> <!-- Default test -->
